INFO  23-09-06 09:05:20[main] [ExampleBoardApplication:51] - Starting ExampleBoardApplication using Java 17.0.6 with PID 1464 (C:\Users\tpfla9876\example-board\bin\main started by tpfla9876 in C:\Users\tpfla9876\example-board)
INFO  23-09-06 09:05:20[main] [ExampleBoardApplication:634] - No active profile set, falling back to 1 default profile: "default"
INFO  23-09-06 09:05:21[main] [RepositoryConfigurationDelegate:138] - Bootstrapping Spring Data JPA repositories in DEFAULT mode.
INFO  23-09-06 09:05:21[main] [RepositoryConfigurationDelegate:208] - Finished Spring Data repository scanning in 56 ms. Found 3 JPA repository interfaces.
INFO  23-09-06 09:05:22[main] [TomcatWebServer:108] - Tomcat initialized with port(s): 8080 (http)
INFO  23-09-06 09:05:22[main] [Http11NioProtocol:173] - Initializing ProtocolHandler ["http-nio-8080"]
INFO  23-09-06 09:05:22[main] [StandardService:173] - Starting service [Tomcat]
INFO  23-09-06 09:05:22[main] [StandardEngine:173] - Starting Servlet engine: [Apache Tomcat/10.1.11]
INFO  23-09-06 09:05:22[main] [[/]:173] - Initializing Spring embedded WebApplicationContext
INFO  23-09-06 09:05:22[main] [ServletWebServerApplicationContext:291] - Root WebApplicationContext: initialization completed in 1614 ms
INFO  23-09-06 09:05:22[main] [LogHelper:31] - HHH000204: Processing PersistenceUnitInfo [name: default]
INFO  23-09-06 09:05:22[main] [Version:44] - HHH000412: Hibernate ORM core version 6.2.6.Final
INFO  23-09-06 09:05:22[main] [Environment:191] - HHH000406: Using bytecode reflection optimizer
INFO  23-09-06 09:05:22[main] [BytecodeProviderInitiator:53] - HHH000021: Bytecode provider name : bytebuddy
INFO  23-09-06 09:05:23[main] [SpringPersistenceUnitInfo:87] - No LoadTimeWeaver setup: ignoring JPA class transformer
INFO  23-09-06 09:05:23[main] [HikariDataSource:110] - HikariPool-1 - Starting...
INFO  23-09-06 09:05:23[main] [HikariPool:565] - HikariPool-1 - Added connection conn0: url=jdbc:h2:tcp://localhost/~/test user=SA
INFO  23-09-06 09:05:23[main] [HikariDataSource:123] - HikariPool-1 - Start completed.
INFO  23-09-06 09:05:23[main] [BytecodeProviderInitiator:53] - HHH000021: Bytecode provider name : bytebuddy
INFO  23-09-06 09:05:24[main] [JtaPlatformInitiator:51] - HHH000490: Using JtaPlatform implementation: [org.hibernate.engine.transaction.jta.platform.internal.NoJtaPlatform]
INFO  23-09-06 09:05:24[main] [LocalContainerEntityManagerFactoryBean:437] - Initialized JPA EntityManagerFactory for persistence unit 'default'
INFO  23-09-06 09:05:24[main] [QueryEnhancerFactory:47] - Hibernate is in classpath; If applicable, HQL parser will be used.
WARN  23-09-06 09:05:24[main] [LocalVariableTableParameterNameDiscoverer:123] - Using deprecated '-debug' fallback for parameter name resolution. Compile the affected code with '-parameters' instead or avoid its introspection: com.example.exampleboard.repository.JpaBoardRepository
WARN  23-09-06 09:05:24[main] [LocalVariableTableParameterNameDiscoverer:123] - Using deprecated '-debug' fallback for parameter name resolution. Compile the affected code with '-parameters' instead or avoid its introspection: com.example.exampleboard.repository.JpaUserRepository
WARN  23-09-06 09:05:24[main] [LocalVariableTableParameterNameDiscoverer:123] - Using deprecated '-debug' fallback for parameter name resolution. Compile the affected code with '-parameters' instead or avoid its introspection: com.example.exampleboard.repository.JpaCommentRepository
WARN  23-09-06 09:05:26[main] [CdpVersionFinder:142] - Unable to find CDP implementation matching 116
WARN  23-09-06 09:05:26[main] [ChromiumDriver:120] - Unable to find version of CDP to use for . You may need to include a dependency on a specific version of the CDP using something similar to `org.seleniumhq.selenium:selenium-devtools-v86:4.8.3` where the version ("v86") matches the version of the chromium-based browser you're using and the version number of the artifact is the same as Selenium's.
WARN  23-09-06 09:05:28[main] [JpaBaseConfiguration$JpaWebConfiguration:231] - spring.jpa.open-in-view is enabled by default. Therefore, database queries may be performed during view rendering. Explicitly configure spring.jpa.open-in-view to disable this warning
WARN  23-09-06 09:05:28[main] [UserDetailsServiceAutoConfiguration:87] - 

Using generated security password: 4161bd83-25c4-4543-bdee-2d386011fb2a

This generated password is for development use only. Your security configuration must be updated before running your application in production.

INFO  23-09-06 09:05:28[main] [DefaultSecurityFilterChain:54] - Will secure any request with [org.springframework.security.web.session.DisableEncodeUrlFilter@49a2e86e, org.springframework.security.web.context.request.async.WebAsyncManagerIntegrationFilter@3566d527, org.springframework.security.web.context.SecurityContextHolderFilter@5eace68f, org.springframework.security.web.header.HeaderWriterFilter@2c70da80, org.springframework.security.web.authentication.logout.LogoutFilter@319e02e7, org.springframework.security.web.savedrequest.RequestCacheAwareFilter@340fd670, org.springframework.security.web.servletapi.SecurityContextHolderAwareRequestFilter@3b256d50, org.springframework.security.web.authentication.AnonymousAuthenticationFilter@69959ea5, org.springframework.security.web.access.ExceptionTranslationFilter@31eb5ed6, org.springframework.security.web.access.intercept.AuthorizationFilter@1f94e1]
INFO  23-09-06 09:05:28[main] [Http11NioProtocol:173] - Starting ProtocolHandler ["http-nio-8080"]
INFO  23-09-06 09:05:28[main] [TomcatWebServer:220] - Tomcat started on port(s): 8080 (http) with context path ''
INFO  23-09-06 09:05:28[main] [ExampleBoardApplication:57] - Started ExampleBoardApplication in 8.769 seconds (process running for 9.472)
INFO  23-09-06 09:05:28[http-nio-8080-exec-1] [[/]:173] - Initializing Spring DispatcherServlet 'dispatcherServlet'
INFO  23-09-06 09:05:28[http-nio-8080-exec-1] [DispatcherServlet:532] - Initializing Servlet 'dispatcherServlet'
INFO  23-09-06 09:05:28[http-nio-8080-exec-1] [DispatcherServlet:554] - Completed initialization in 6 ms
WARN  23-09-06 09:05:28[http-nio-8080-exec-1] [DefaultHandlerExceptionResolver:207] - Resolved [org.springframework.web.bind.MissingServletRequestParameterException: Required request parameter 'boardNo' for method parameter type Long is not present]
WARN  23-09-06 09:05:29[http-nio-8080-exec-2] [PageNotFound:1292] - No mapping for GET /favicon.ico
INFO  23-09-06 09:05:31[http-nio-8080-exec-3] [HomeController:54] - 로그인 유저 => [ 비회원 ]
INFO  23-09-06 09:05:31[http-nio-8080-exec-3] [HomeController:67] - 페이징 조회 => [ 총 element 수 : 140 , 전체 page 수 : 14 , 페이지에 표시할 element 수 : 10 , 현재 페이지 index : 0, 현재 페이지의 element 수 : 10 ]
WARN  23-09-06 09:05:32[http-nio-8080-exec-3] [ExpressionProcessor:76] - Fragment expression "layout/default_layout" is being wrapped as a Thymeleaf 3 fragment expression (~{...}) for backwards compatibility purposes.  This wrapping will be dropped in the next major version of the expression processor, so please rewrite as a Thymeleaf 3 fragment expression to future-proof your code.  See https://github.com/thymeleaf/thymeleaf/issues/451 for more information.
WARN  23-09-06 09:05:32[http-nio-8080-exec-3] [AbstractStandardFragmentInsertionTagProcessor:385] - [THYMELEAF][http-nio-8080-exec-3][layout/default_layout] Deprecated unwrapped fragment expression "fragments/header :: headerFragment" found in template layout/default_layout, line 7, col 13. Please use the complete syntax of fragment expressions instead ("~{fragments/header :: headerFragment}"). The old, unwrapped syntax for fragment expressions will be removed in future versions of Thymeleaf.
WARN  23-09-06 09:05:32[http-nio-8080-exec-3] [AbstractStandardFragmentInsertionTagProcessor:385] - [THYMELEAF][http-nio-8080-exec-3][layout/default_layout] Deprecated unwrapped fragment expression "fragments/footer :: footerFragment" found in template layout/default_layout, line 17, col 13. Please use the complete syntax of fragment expressions instead ("~{fragments/footer :: footerFragment}"). The old, unwrapped syntax for fragment expressions will be removed in future versions of Thymeleaf.
INFO  23-09-06 09:06:10[http-nio-8080-exec-4] [MelonController:62] - MelonList 1 
INFO  23-09-06 09:06:10[http-nio-8080-exec-4] [MelonController:63] - List 1 [ 제목 : Love Lee , 가수 : AKMU (악뮤) , 곡번호 : 36713849 ] 
INFO  23-09-06 09:06:10[http-nio-8080-exec-4] [MelonController:62] - MelonList 2 
INFO  23-09-06 09:06:10[http-nio-8080-exec-4] [MelonController:63] - List 2 [ 제목 : Seven (feat. Latto) - Clean Ver. , 가수 : 정국 , 곡번호 : 36617841 ] 
INFO  23-09-06 09:06:10[http-nio-8080-exec-4] [MelonController:62] - MelonList 3 
INFO  23-09-06 09:06:10[http-nio-8080-exec-4] [MelonController:63] - List 3 [ 제목 : ETA , 가수 : NewJeans , 곡번호 : 36635522 ] 
INFO  23-09-06 09:06:10[http-nio-8080-exec-4] [MelonController:62] - MelonList 4 
INFO  23-09-06 09:06:10[http-nio-8080-exec-4] [MelonController:63] - List 4 [ 제목 : Super Shy , 가수 : NewJeans , 곡번호 : 36599950 ] 
INFO  23-09-06 09:06:10[http-nio-8080-exec-4] [MelonController:62] - MelonList 5 
INFO  23-09-06 09:06:10[http-nio-8080-exec-4] [MelonController:63] - List 5 [ 제목 : 후라이의 꿈 , 가수 : AKMU (악뮤) , 곡번호 : 36713850 ] 
INFO  23-09-06 09:06:10[http-nio-8080-exec-4] [MelonController:62] - MelonList 6 
INFO  23-09-06 09:06:10[http-nio-8080-exec-4] [MelonController:63] - List 6 [ 제목 : Fast Forward , 가수 : 전소미 , 곡번호 : 36681074 ] 
INFO  23-09-06 09:06:10[http-nio-8080-exec-4] [MelonController:62] - MelonList 7 
INFO  23-09-06 09:06:10[http-nio-8080-exec-4] [MelonController:63] - List 7 [ 제목 : 헤어지자 말해요 , 가수 : 박재정 , 곡번호 : 36382580 ] 
INFO  23-09-06 09:06:10[http-nio-8080-exec-4] [MelonController:62] - MelonList 8 
INFO  23-09-06 09:06:10[http-nio-8080-exec-4] [MelonController:63] - List 8 [ 제목 : 사막에서 꽃을 피우듯 , 가수 : 우디 (Woody) , 곡번호 : 36616378 ] 
INFO  23-09-06 09:06:10[http-nio-8080-exec-4] [MelonController:62] - MelonList 9 
INFO  23-09-06 09:06:10[http-nio-8080-exec-4] [MelonController:63] - List 9 [ 제목 : I AM , 가수 : IVE (아이브) , 곡번호 : 36356993 ] 
INFO  23-09-06 09:06:10[http-nio-8080-exec-4] [MelonController:62] - MelonList 10 
INFO  23-09-06 09:06:10[http-nio-8080-exec-4] [MelonController:63] - List 10 [ 제목 : Bubble , 가수 : STAYC(스테이씨) , 곡번호 : 36699655 ] 
WARN  23-09-06 09:06:10[http-nio-8080-exec-4] [AbstractStandardFragmentInsertionTagProcessor:385] - [THYMELEAF][http-nio-8080-exec-4][layout/default_layout] Deprecated unwrapped fragment expression "fragments/header :: headerFragment" found in template layout/default_layout, line 7, col 13. Please use the complete syntax of fragment expressions instead ("~{fragments/header :: headerFragment}"). The old, unwrapped syntax for fragment expressions will be removed in future versions of Thymeleaf.
WARN  23-09-06 09:06:10[http-nio-8080-exec-4] [AbstractStandardFragmentInsertionTagProcessor:385] - [THYMELEAF][http-nio-8080-exec-4][layout/default_layout] Deprecated unwrapped fragment expression "fragments/footer :: footerFragment" found in template layout/default_layout, line 17, col 13. Please use the complete syntax of fragment expressions instead ("~{fragments/footer :: footerFragment}"). The old, unwrapped syntax for fragment expressions will be removed in future versions of Thymeleaf.
INFO  23-09-06 09:06:35[http-nio-8080-exec-6] [MelonController:83] - 가사 => 
Weight of the world on your shoulders
I kiss your waist and ease your mind
I must be favored to know ya
I take my hands and trace your lines

It’s the way that we can ride
It’s the way that we can ride
Think I met you in another life
So break me off another time

You wrap around me
and you give me life
And that’s why night after night
I’ll be lovin’ you right

Monday Tuesday Wednesday
Thursday Friday Saturday Sunday
Monday Tuesday Wednesday
Thursday Friday
Seven days a week
Every hour every minute every second
You know night after night
I’ll be lovin’ you right
Seven days a week


You love when I jump right in
All of me I’m offering
Show you what devotion is
Deeper than the ocean is
Wind it back I’ll take it slow
Leave you with that afterglow
Show you what devotion is
Deeper than the ocean is

It’s the way that we can ride
It’s the way that we can ride
Think I met you in another life
So break me off another time

You wrap around me
and you give me life
And that’s why night after night
I’ll be lovin’ you right

Monday Tuesday Wednesday
Thursday Friday Saturday Sunday
Monday Tuesday Wednesday
Thursday Friday
Seven days a week
Every hour every minute every second
You know night after night
I’ll be lovin’ you right
Seven days a week

Monday Tuesday Wednesday
Thursday Friday Saturday Sunday
Monday Tuesday Wednesday
Thursday Friday
Seven days a week
Every hour every minute every second
You know night after night
I’ll be lovin’ you right
Seven days a week

Tightly take control
Tightly take his soul
Take your phone
and put it in the camera roll
Leave them clothes at the door
What you waiting for,
better come and hit ya goals
He jump in it both feet
Going to the sun-up,
we ain’t getting no sleep
Seven days a week,
seven different sheets, seven different angles
I can be your fantasy

Open up say ahhh
Come here baby
let me swallow your pride
What you on I can match your vibe
Hit me up and I’mma Cha Cha Slide

You make Mondays feel like weekends
I make him never think about cheatin’
Got you skipping work and meetings,
let’s sleep in

Seven days a week
Monday Tuesday Wednesday
Thursday Friday Saturday Sunday
Monday Tuesday Wednesday
Thursday Friday
Seven days a week
Every hour every minute every second
You know night after night
I’ll be lovin’ you right
Seven days a week

Monday Tuesday Wednesday
Thursday Friday Saturday Sunday
Monday Tuesday Wednesday
Thursday Friday
Seven days a week
Every hour every minute every second
You know night after night
I’ll be lovin’ you right
Seven days a week 
INFO  23-09-06 09:06:35[http-nio-8080-exec-6] [MelonController:94] - 노래 정보 : [ 제목 : Seven (feat. Latto) - Clean Ver. , 가수 : 정국 , 좋아요 수 : 172,186 , 댓글  : 4,645개 ]
WARN  23-09-06 09:06:35[http-nio-8080-exec-6] [AbstractStandardFragmentInsertionTagProcessor:385] - [THYMELEAF][http-nio-8080-exec-6][layout/default_layout] Deprecated unwrapped fragment expression "fragments/header :: headerFragment" found in template layout/default_layout, line 7, col 13. Please use the complete syntax of fragment expressions instead ("~{fragments/header :: headerFragment}"). The old, unwrapped syntax for fragment expressions will be removed in future versions of Thymeleaf.
WARN  23-09-06 09:06:35[http-nio-8080-exec-6] [AbstractStandardFragmentInsertionTagProcessor:385] - [THYMELEAF][http-nio-8080-exec-6][layout/default_layout] Deprecated unwrapped fragment expression "fragments/footer :: footerFragment" found in template layout/default_layout, line 17, col 13. Please use the complete syntax of fragment expressions instead ("~{fragments/footer :: footerFragment}"). The old, unwrapped syntax for fragment expressions will be removed in future versions of Thymeleaf.
INFO  23-09-06 09:09:02[main] [ExampleBoardApplication:51] - Starting ExampleBoardApplication using Java 17.0.6 with PID 11760 (C:\Users\tpfla9876\example-board\bin\main started by tpfla9876 in C:\Users\tpfla9876\example-board)
INFO  23-09-06 09:09:02[main] [ExampleBoardApplication:634] - No active profile set, falling back to 1 default profile: "default"
INFO  23-09-06 09:09:03[main] [RepositoryConfigurationDelegate:138] - Bootstrapping Spring Data JPA repositories in DEFAULT mode.
INFO  23-09-06 09:09:03[main] [RepositoryConfigurationDelegate:208] - Finished Spring Data repository scanning in 49 ms. Found 3 JPA repository interfaces.
INFO  23-09-06 09:09:03[main] [TomcatWebServer:108] - Tomcat initialized with port(s): 8080 (http)
INFO  23-09-06 09:09:03[main] [Http11NioProtocol:173] - Initializing ProtocolHandler ["http-nio-8080"]
INFO  23-09-06 09:09:03[main] [StandardService:173] - Starting service [Tomcat]
INFO  23-09-06 09:09:03[main] [StandardEngine:173] - Starting Servlet engine: [Apache Tomcat/10.1.11]
INFO  23-09-06 09:09:04[main] [[/]:173] - Initializing Spring embedded WebApplicationContext
INFO  23-09-06 09:09:04[main] [ServletWebServerApplicationContext:291] - Root WebApplicationContext: initialization completed in 1521 ms
INFO  23-09-06 09:09:04[main] [LogHelper:31] - HHH000204: Processing PersistenceUnitInfo [name: default]
INFO  23-09-06 09:09:04[main] [Version:44] - HHH000412: Hibernate ORM core version 6.2.6.Final
INFO  23-09-06 09:09:04[main] [Environment:191] - HHH000406: Using bytecode reflection optimizer
INFO  23-09-06 09:09:04[main] [BytecodeProviderInitiator:53] - HHH000021: Bytecode provider name : bytebuddy
INFO  23-09-06 09:09:04[main] [SpringPersistenceUnitInfo:87] - No LoadTimeWeaver setup: ignoring JPA class transformer
INFO  23-09-06 09:09:04[main] [HikariDataSource:110] - HikariPool-1 - Starting...
INFO  23-09-06 09:09:04[main] [HikariPool:565] - HikariPool-1 - Added connection conn0: url=jdbc:h2:tcp://localhost/~/test user=SA
INFO  23-09-06 09:09:04[main] [HikariDataSource:123] - HikariPool-1 - Start completed.
INFO  23-09-06 09:09:04[main] [BytecodeProviderInitiator:53] - HHH000021: Bytecode provider name : bytebuddy
INFO  23-09-06 09:09:05[main] [JtaPlatformInitiator:51] - HHH000490: Using JtaPlatform implementation: [org.hibernate.engine.transaction.jta.platform.internal.NoJtaPlatform]
INFO  23-09-06 09:09:05[main] [LocalContainerEntityManagerFactoryBean:437] - Initialized JPA EntityManagerFactory for persistence unit 'default'
INFO  23-09-06 09:09:05[main] [QueryEnhancerFactory:47] - Hibernate is in classpath; If applicable, HQL parser will be used.
WARN  23-09-06 09:09:06[main] [LocalVariableTableParameterNameDiscoverer:123] - Using deprecated '-debug' fallback for parameter name resolution. Compile the affected code with '-parameters' instead or avoid its introspection: com.example.exampleboard.repository.JpaBoardRepository
WARN  23-09-06 09:09:06[main] [LocalVariableTableParameterNameDiscoverer:123] - Using deprecated '-debug' fallback for parameter name resolution. Compile the affected code with '-parameters' instead or avoid its introspection: com.example.exampleboard.repository.JpaUserRepository
WARN  23-09-06 09:09:06[main] [LocalVariableTableParameterNameDiscoverer:123] - Using deprecated '-debug' fallback for parameter name resolution. Compile the affected code with '-parameters' instead or avoid its introspection: com.example.exampleboard.repository.JpaCommentRepository
WARN  23-09-06 09:09:07[main] [CdpVersionFinder:142] - Unable to find CDP implementation matching 116
WARN  23-09-06 09:09:07[main] [ChromiumDriver:120] - Unable to find version of CDP to use for . You may need to include a dependency on a specific version of the CDP using something similar to `org.seleniumhq.selenium:selenium-devtools-v86:4.8.3` where the version ("v86") matches the version of the chromium-based browser you're using and the version number of the artifact is the same as Selenium's.
WARN  23-09-06 09:09:09[main] [JpaBaseConfiguration$JpaWebConfiguration:231] - spring.jpa.open-in-view is enabled by default. Therefore, database queries may be performed during view rendering. Explicitly configure spring.jpa.open-in-view to disable this warning
WARN  23-09-06 09:09:09[main] [UserDetailsServiceAutoConfiguration:87] - 

Using generated security password: a03d1d8d-b72a-4a87-b201-83e51c83e898

This generated password is for development use only. Your security configuration must be updated before running your application in production.

INFO  23-09-06 09:09:09[main] [DefaultSecurityFilterChain:54] - Will secure any request with [org.springframework.security.web.session.DisableEncodeUrlFilter@622be81d, org.springframework.security.web.context.request.async.WebAsyncManagerIntegrationFilter@3c28cd9a, org.springframework.security.web.context.SecurityContextHolderFilter@4447c594, org.springframework.security.web.header.HeaderWriterFilter@4e885b9, org.springframework.security.web.authentication.logout.LogoutFilter@3177190a, org.springframework.security.web.savedrequest.RequestCacheAwareFilter@6ae247b7, org.springframework.security.web.servletapi.SecurityContextHolderAwareRequestFilter@473048f9, org.springframework.security.web.authentication.AnonymousAuthenticationFilter@94047a4, org.springframework.security.web.access.ExceptionTranslationFilter@511cc6fc, org.springframework.security.web.access.intercept.AuthorizationFilter@387cd426]
INFO  23-09-06 09:09:10[main] [Http11NioProtocol:173] - Starting ProtocolHandler ["http-nio-8080"]
INFO  23-09-06 09:09:10[main] [TomcatWebServer:220] - Tomcat started on port(s): 8080 (http) with context path ''
INFO  23-09-06 09:09:10[main] [ExampleBoardApplication:57] - Started ExampleBoardApplication in 8.367 seconds (process running for 8.968)
INFO  23-09-06 09:09:16[http-nio-8080-exec-1] [[/]:173] - Initializing Spring DispatcherServlet 'dispatcherServlet'
INFO  23-09-06 09:09:16[http-nio-8080-exec-1] [DispatcherServlet:532] - Initializing Servlet 'dispatcherServlet'
INFO  23-09-06 09:09:16[http-nio-8080-exec-1] [DispatcherServlet:554] - Completed initialization in 1 ms
INFO  23-09-06 09:09:19[http-nio-8080-exec-1] [MelonController:83] - 가사 => 
Weight of the world on your shoulders
I kiss your waist and ease your mind
I must be favored to know ya
I take my hands and trace your lines

It’s the way that we can ride
It’s the way that we can ride
Think I met you in another life
So break me off another time

You wrap around me
and you give me life
And that’s why night after night
I’ll be lovin’ you right

Monday Tuesday Wednesday
Thursday Friday Saturday Sunday
Monday Tuesday Wednesday
Thursday Friday
Seven days a week
Every hour every minute every second
You know night after night
I’ll be lovin’ you right
Seven days a week


You love when I jump right in
All of me I’m offering
Show you what devotion is
Deeper than the ocean is
Wind it back I’ll take it slow
Leave you with that afterglow
Show you what devotion is
Deeper than the ocean is

It’s the way that we can ride
It’s the way that we can ride
Think I met you in another life
So break me off another time

You wrap around me
and you give me life
And that’s why night after night
I’ll be lovin’ you right

Monday Tuesday Wednesday
Thursday Friday Saturday Sunday
Monday Tuesday Wednesday
Thursday Friday
Seven days a week
Every hour every minute every second
You know night after night
I’ll be lovin’ you right
Seven days a week

Monday Tuesday Wednesday
Thursday Friday Saturday Sunday
Monday Tuesday Wednesday
Thursday Friday
Seven days a week
Every hour every minute every second
You know night after night
I’ll be lovin’ you right
Seven days a week

Tightly take control
Tightly take his soul
Take your phone
and put it in the camera roll
Leave them clothes at the door
What you waiting for,
better come and hit ya goals
He jump in it both feet
Going to the sun-up,
we ain’t getting no sleep
Seven days a week,
seven different sheets, seven different angles
I can be your fantasy

Open up say ahhh
Come here baby
let me swallow your pride
What you on I can match your vibe
Hit me up and I’mma Cha Cha Slide

You make Mondays feel like weekends
I make him never think about cheatin’
Got you skipping work and meetings,
let’s sleep in

Seven days a week
Monday Tuesday Wednesday
Thursday Friday Saturday Sunday
Monday Tuesday Wednesday
Thursday Friday
Seven days a week
Every hour every minute every second
You know night after night
I’ll be lovin’ you right
Seven days a week

Monday Tuesday Wednesday
Thursday Friday Saturday Sunday
Monday Tuesday Wednesday
Thursday Friday
Seven days a week
Every hour every minute every second
You know night after night
I’ll be lovin’ you right
Seven days a week 
INFO  23-09-06 09:09:19[http-nio-8080-exec-1] [MelonController:94] - 노래 정보 : [ 제목 : Seven (feat. Latto) - Clean Ver. , 가수 : 정국 , 좋아요 수 : 172,186 , 댓글  : 4,645개 ]
WARN  23-09-06 09:09:19[http-nio-8080-exec-1] [ExpressionProcessor:76] - Fragment expression "layout/default_layout" is being wrapped as a Thymeleaf 3 fragment expression (~{...}) for backwards compatibility purposes.  This wrapping will be dropped in the next major version of the expression processor, so please rewrite as a Thymeleaf 3 fragment expression to future-proof your code.  See https://github.com/thymeleaf/thymeleaf/issues/451 for more information.
WARN  23-09-06 09:09:20[http-nio-8080-exec-1] [AbstractStandardFragmentInsertionTagProcessor:385] - [THYMELEAF][http-nio-8080-exec-1][layout/default_layout] Deprecated unwrapped fragment expression "fragments/header :: headerFragment" found in template layout/default_layout, line 7, col 13. Please use the complete syntax of fragment expressions instead ("~{fragments/header :: headerFragment}"). The old, unwrapped syntax for fragment expressions will be removed in future versions of Thymeleaf.
WARN  23-09-06 09:09:20[http-nio-8080-exec-1] [AbstractStandardFragmentInsertionTagProcessor:385] - [THYMELEAF][http-nio-8080-exec-1][layout/default_layout] Deprecated unwrapped fragment expression "fragments/footer :: footerFragment" found in template layout/default_layout, line 17, col 13. Please use the complete syntax of fragment expressions instead ("~{fragments/footer :: footerFragment}"). The old, unwrapped syntax for fragment expressions will be removed in future versions of Thymeleaf.
INFO  23-09-06 09:09:37[main] [ExampleBoardApplication:51] - Starting ExampleBoardApplication using Java 17.0.6 with PID 5804 (C:\Users\tpfla9876\example-board\bin\main started by tpfla9876 in C:\Users\tpfla9876\example-board)
INFO  23-09-06 09:09:37[main] [ExampleBoardApplication:634] - No active profile set, falling back to 1 default profile: "default"
INFO  23-09-06 09:09:38[main] [RepositoryConfigurationDelegate:138] - Bootstrapping Spring Data JPA repositories in DEFAULT mode.
INFO  23-09-06 09:09:38[main] [RepositoryConfigurationDelegate:208] - Finished Spring Data repository scanning in 64 ms. Found 3 JPA repository interfaces.
INFO  23-09-06 09:09:39[main] [TomcatWebServer:108] - Tomcat initialized with port(s): 8080 (http)
INFO  23-09-06 09:09:39[main] [Http11NioProtocol:173] - Initializing ProtocolHandler ["http-nio-8080"]
INFO  23-09-06 09:09:39[main] [StandardService:173] - Starting service [Tomcat]
INFO  23-09-06 09:09:39[main] [StandardEngine:173] - Starting Servlet engine: [Apache Tomcat/10.1.11]
INFO  23-09-06 09:09:39[main] [[/]:173] - Initializing Spring embedded WebApplicationContext
INFO  23-09-06 09:09:39[main] [ServletWebServerApplicationContext:291] - Root WebApplicationContext: initialization completed in 1500 ms
INFO  23-09-06 09:09:39[main] [LogHelper:31] - HHH000204: Processing PersistenceUnitInfo [name: default]
INFO  23-09-06 09:09:39[main] [Version:44] - HHH000412: Hibernate ORM core version 6.2.6.Final
INFO  23-09-06 09:09:39[main] [Environment:191] - HHH000406: Using bytecode reflection optimizer
INFO  23-09-06 09:09:39[main] [BytecodeProviderInitiator:53] - HHH000021: Bytecode provider name : bytebuddy
INFO  23-09-06 09:09:40[main] [SpringPersistenceUnitInfo:87] - No LoadTimeWeaver setup: ignoring JPA class transformer
INFO  23-09-06 09:09:40[main] [HikariDataSource:110] - HikariPool-1 - Starting...
INFO  23-09-06 09:09:40[main] [HikariPool:565] - HikariPool-1 - Added connection conn0: url=jdbc:h2:tcp://localhost/~/test user=SA
INFO  23-09-06 09:09:40[main] [HikariDataSource:123] - HikariPool-1 - Start completed.
INFO  23-09-06 09:09:40[main] [BytecodeProviderInitiator:53] - HHH000021: Bytecode provider name : bytebuddy
INFO  23-09-06 09:09:40[main] [JtaPlatformInitiator:51] - HHH000490: Using JtaPlatform implementation: [org.hibernate.engine.transaction.jta.platform.internal.NoJtaPlatform]
INFO  23-09-06 09:09:41[main] [LocalContainerEntityManagerFactoryBean:437] - Initialized JPA EntityManagerFactory for persistence unit 'default'
INFO  23-09-06 09:09:41[main] [QueryEnhancerFactory:47] - Hibernate is in classpath; If applicable, HQL parser will be used.
WARN  23-09-06 09:09:41[main] [LocalVariableTableParameterNameDiscoverer:123] - Using deprecated '-debug' fallback for parameter name resolution. Compile the affected code with '-parameters' instead or avoid its introspection: com.example.exampleboard.repository.JpaBoardRepository
WARN  23-09-06 09:09:41[main] [LocalVariableTableParameterNameDiscoverer:123] - Using deprecated '-debug' fallback for parameter name resolution. Compile the affected code with '-parameters' instead or avoid its introspection: com.example.exampleboard.repository.JpaUserRepository
WARN  23-09-06 09:09:41[main] [LocalVariableTableParameterNameDiscoverer:123] - Using deprecated '-debug' fallback for parameter name resolution. Compile the affected code with '-parameters' instead or avoid its introspection: com.example.exampleboard.repository.JpaCommentRepository
WARN  23-09-06 09:09:43[main] [CdpVersionFinder:142] - Unable to find CDP implementation matching 116
WARN  23-09-06 09:09:43[main] [ChromiumDriver:120] - Unable to find version of CDP to use for . You may need to include a dependency on a specific version of the CDP using something similar to `org.seleniumhq.selenium:selenium-devtools-v86:4.8.3` where the version ("v86") matches the version of the chromium-based browser you're using and the version number of the artifact is the same as Selenium's.
WARN  23-09-06 09:09:44[main] [JpaBaseConfiguration$JpaWebConfiguration:231] - spring.jpa.open-in-view is enabled by default. Therefore, database queries may be performed during view rendering. Explicitly configure spring.jpa.open-in-view to disable this warning
WARN  23-09-06 09:09:44[main] [UserDetailsServiceAutoConfiguration:87] - 

Using generated security password: b4a98a33-b90c-431d-b8d5-3f85452ffaea

This generated password is for development use only. Your security configuration must be updated before running your application in production.

INFO  23-09-06 09:09:44[main] [DefaultSecurityFilterChain:54] - Will secure any request with [org.springframework.security.web.session.DisableEncodeUrlFilter@4447c594, org.springframework.security.web.context.request.async.WebAsyncManagerIntegrationFilter@4c255e8, org.springframework.security.web.context.SecurityContextHolderFilter@7d6f094e, org.springframework.security.web.header.HeaderWriterFilter@653e79fc, org.springframework.security.web.authentication.logout.LogoutFilter@1e7f312, org.springframework.security.web.savedrequest.RequestCacheAwareFilter@f758e05, org.springframework.security.web.servletapi.SecurityContextHolderAwareRequestFilter@48b53f3d, org.springframework.security.web.authentication.AnonymousAuthenticationFilter@6ae247b7, org.springframework.security.web.access.ExceptionTranslationFilter@2a59a8fe, org.springframework.security.web.access.intercept.AuthorizationFilter@4e885b9]
INFO  23-09-06 09:09:45[main] [Http11NioProtocol:173] - Starting ProtocolHandler ["http-nio-8080"]
INFO  23-09-06 09:09:45[main] [TomcatWebServer:220] - Tomcat started on port(s): 8080 (http) with context path ''
INFO  23-09-06 09:09:45[main] [ExampleBoardApplication:57] - Started ExampleBoardApplication in 8.161 seconds (process running for 8.875)
INFO  23-09-06 09:09:45[http-nio-8080-exec-1] [[/]:173] - Initializing Spring DispatcherServlet 'dispatcherServlet'
INFO  23-09-06 09:09:45[http-nio-8080-exec-1] [DispatcherServlet:532] - Initializing Servlet 'dispatcherServlet'
INFO  23-09-06 09:09:45[http-nio-8080-exec-1] [DispatcherServlet:554] - Completed initialization in 2 ms
INFO  23-09-06 09:09:48[http-nio-8080-exec-1] [MelonController:83] - 가사 => 
Weight of the world on your shoulders
I kiss your waist and ease your mind
I must be favored to know ya
I take my hands and trace your lines

It’s the way that we can ride
It’s the way that we can ride
Think I met you in another life
So break me off another time

You wrap around me
and you give me life
And that’s why night after night
I’ll be lovin’ you right

Monday Tuesday Wednesday
Thursday Friday Saturday Sunday
Monday Tuesday Wednesday
Thursday Friday
Seven days a week
Every hour every minute every second
You know night after night
I’ll be lovin’ you right
Seven days a week


You love when I jump right in
All of me I’m offering
Show you what devotion is
Deeper than the ocean is
Wind it back I’ll take it slow
Leave you with that afterglow
Show you what devotion is
Deeper than the ocean is

It’s the way that we can ride
It’s the way that we can ride
Think I met you in another life
So break me off another time

You wrap around me
and you give me life
And that’s why night after night
I’ll be lovin’ you right

Monday Tuesday Wednesday
Thursday Friday Saturday Sunday
Monday Tuesday Wednesday
Thursday Friday
Seven days a week
Every hour every minute every second
You know night after night
I’ll be lovin’ you right
Seven days a week

Monday Tuesday Wednesday
Thursday Friday Saturday Sunday
Monday Tuesday Wednesday
Thursday Friday
Seven days a week
Every hour every minute every second
You know night after night
I’ll be lovin’ you right
Seven days a week

Tightly take control
Tightly take his soul
Take your phone
and put it in the camera roll
Leave them clothes at the door
What you waiting for,
better come and hit ya goals
He jump in it both feet
Going to the sun-up,
we ain’t getting no sleep
Seven days a week,
seven different sheets, seven different angles
I can be your fantasy

Open up say ahhh
Come here baby
let me swallow your pride
What you on I can match your vibe
Hit me up and I’mma Cha Cha Slide

You make Mondays feel like weekends
I make him never think about cheatin’
Got you skipping work and meetings,
let’s sleep in

Seven days a week
Monday Tuesday Wednesday
Thursday Friday Saturday Sunday
Monday Tuesday Wednesday
Thursday Friday
Seven days a week
Every hour every minute every second
You know night after night
I’ll be lovin’ you right
Seven days a week

Monday Tuesday Wednesday
Thursday Friday Saturday Sunday
Monday Tuesday Wednesday
Thursday Friday
Seven days a week
Every hour every minute every second
You know night after night
I’ll be lovin’ you right
Seven days a week 
INFO  23-09-06 09:09:48[http-nio-8080-exec-1] [MelonController:94] - 노래 정보 : [ 제목 : Seven (feat. Latto) - Clean Ver. , 가수 : 정국 , 좋아요 수 : 172,186 , 댓글  : 4,645개 ]
WARN  23-09-06 09:09:48[http-nio-8080-exec-1] [ExpressionProcessor:76] - Fragment expression "layout/default_layout" is being wrapped as a Thymeleaf 3 fragment expression (~{...}) for backwards compatibility purposes.  This wrapping will be dropped in the next major version of the expression processor, so please rewrite as a Thymeleaf 3 fragment expression to future-proof your code.  See https://github.com/thymeleaf/thymeleaf/issues/451 for more information.
WARN  23-09-06 09:09:49[http-nio-8080-exec-1] [AbstractStandardFragmentInsertionTagProcessor:385] - [THYMELEAF][http-nio-8080-exec-1][layout/default_layout] Deprecated unwrapped fragment expression "fragments/header :: headerFragment" found in template layout/default_layout, line 7, col 13. Please use the complete syntax of fragment expressions instead ("~{fragments/header :: headerFragment}"). The old, unwrapped syntax for fragment expressions will be removed in future versions of Thymeleaf.
WARN  23-09-06 09:09:49[http-nio-8080-exec-1] [AbstractStandardFragmentInsertionTagProcessor:385] - [THYMELEAF][http-nio-8080-exec-1][layout/default_layout] Deprecated unwrapped fragment expression "fragments/footer :: footerFragment" found in template layout/default_layout, line 17, col 13. Please use the complete syntax of fragment expressions instead ("~{fragments/footer :: footerFragment}"). The old, unwrapped syntax for fragment expressions will be removed in future versions of Thymeleaf.
INFO  23-09-06 09:10:34[main] [ExampleBoardApplication:51] - Starting ExampleBoardApplication using Java 17.0.6 with PID 10620 (C:\Users\tpfla9876\example-board\bin\main started by tpfla9876 in C:\Users\tpfla9876\example-board)
INFO  23-09-06 09:10:34[main] [ExampleBoardApplication:634] - No active profile set, falling back to 1 default profile: "default"
INFO  23-09-06 09:10:35[main] [RepositoryConfigurationDelegate:138] - Bootstrapping Spring Data JPA repositories in DEFAULT mode.
INFO  23-09-06 09:10:35[main] [RepositoryConfigurationDelegate:208] - Finished Spring Data repository scanning in 61 ms. Found 3 JPA repository interfaces.
INFO  23-09-06 09:10:36[main] [TomcatWebServer:108] - Tomcat initialized with port(s): 8080 (http)
INFO  23-09-06 09:10:36[main] [Http11NioProtocol:173] - Initializing ProtocolHandler ["http-nio-8080"]
INFO  23-09-06 09:10:36[main] [StandardService:173] - Starting service [Tomcat]
INFO  23-09-06 09:10:36[main] [StandardEngine:173] - Starting Servlet engine: [Apache Tomcat/10.1.11]
INFO  23-09-06 09:10:36[main] [[/]:173] - Initializing Spring embedded WebApplicationContext
INFO  23-09-06 09:10:36[main] [ServletWebServerApplicationContext:291] - Root WebApplicationContext: initialization completed in 1707 ms
INFO  23-09-06 09:10:36[main] [LogHelper:31] - HHH000204: Processing PersistenceUnitInfo [name: default]
INFO  23-09-06 09:10:36[main] [Version:44] - HHH000412: Hibernate ORM core version 6.2.6.Final
INFO  23-09-06 09:10:36[main] [Environment:191] - HHH000406: Using bytecode reflection optimizer
INFO  23-09-06 09:10:36[main] [BytecodeProviderInitiator:53] - HHH000021: Bytecode provider name : bytebuddy
INFO  23-09-06 09:10:36[main] [SpringPersistenceUnitInfo:87] - No LoadTimeWeaver setup: ignoring JPA class transformer
INFO  23-09-06 09:10:36[main] [HikariDataSource:110] - HikariPool-1 - Starting...
INFO  23-09-06 09:10:36[main] [HikariPool:565] - HikariPool-1 - Added connection conn0: url=jdbc:h2:tcp://localhost/~/test user=SA
INFO  23-09-06 09:10:36[main] [HikariDataSource:123] - HikariPool-1 - Start completed.
INFO  23-09-06 09:10:37[main] [BytecodeProviderInitiator:53] - HHH000021: Bytecode provider name : bytebuddy
INFO  23-09-06 09:10:37[main] [JtaPlatformInitiator:51] - HHH000490: Using JtaPlatform implementation: [org.hibernate.engine.transaction.jta.platform.internal.NoJtaPlatform]
INFO  23-09-06 09:10:37[main] [LocalContainerEntityManagerFactoryBean:437] - Initialized JPA EntityManagerFactory for persistence unit 'default'
INFO  23-09-06 09:10:38[main] [QueryEnhancerFactory:47] - Hibernate is in classpath; If applicable, HQL parser will be used.
WARN  23-09-06 09:10:38[main] [LocalVariableTableParameterNameDiscoverer:123] - Using deprecated '-debug' fallback for parameter name resolution. Compile the affected code with '-parameters' instead or avoid its introspection: com.example.exampleboard.repository.JpaBoardRepository
WARN  23-09-06 09:10:38[main] [LocalVariableTableParameterNameDiscoverer:123] - Using deprecated '-debug' fallback for parameter name resolution. Compile the affected code with '-parameters' instead or avoid its introspection: com.example.exampleboard.repository.JpaUserRepository
WARN  23-09-06 09:10:38[main] [LocalVariableTableParameterNameDiscoverer:123] - Using deprecated '-debug' fallback for parameter name resolution. Compile the affected code with '-parameters' instead or avoid its introspection: com.example.exampleboard.repository.JpaCommentRepository
WARN  23-09-06 09:10:40[main] [CdpVersionFinder:142] - Unable to find CDP implementation matching 116
WARN  23-09-06 09:10:40[main] [ChromiumDriver:120] - Unable to find version of CDP to use for . You may need to include a dependency on a specific version of the CDP using something similar to `org.seleniumhq.selenium:selenium-devtools-v86:4.8.3` where the version ("v86") matches the version of the chromium-based browser you're using and the version number of the artifact is the same as Selenium's.
WARN  23-09-06 09:10:41[main] [JpaBaseConfiguration$JpaWebConfiguration:231] - spring.jpa.open-in-view is enabled by default. Therefore, database queries may be performed during view rendering. Explicitly configure spring.jpa.open-in-view to disable this warning
WARN  23-09-06 09:10:41[main] [UserDetailsServiceAutoConfiguration:87] - 

Using generated security password: fd7a429d-63f8-4771-bddf-6e974beb3b18

This generated password is for development use only. Your security configuration must be updated before running your application in production.

INFO  23-09-06 09:10:41[main] [DefaultSecurityFilterChain:54] - Will secure any request with [org.springframework.security.web.session.DisableEncodeUrlFilter@4d37a4d7, org.springframework.security.web.context.request.async.WebAsyncManagerIntegrationFilter@3bca3dee, org.springframework.security.web.context.SecurityContextHolderFilter@7fb539df, org.springframework.security.web.header.HeaderWriterFilter@5b810b54, org.springframework.security.web.authentication.logout.LogoutFilter@5c452eb5, org.springframework.security.web.savedrequest.RequestCacheAwareFilter@127c5f20, org.springframework.security.web.servletapi.SecurityContextHolderAwareRequestFilter@216906a0, org.springframework.security.web.authentication.AnonymousAuthenticationFilter@32fcccd4, org.springframework.security.web.access.ExceptionTranslationFilter@630e5803, org.springframework.security.web.access.intercept.AuthorizationFilter@4f573b84]
INFO  23-09-06 09:10:42[main] [Http11NioProtocol:173] - Starting ProtocolHandler ["http-nio-8080"]
INFO  23-09-06 09:10:42[main] [TomcatWebServer:220] - Tomcat started on port(s): 8080 (http) with context path ''
INFO  23-09-06 09:10:42[main] [ExampleBoardApplication:57] - Started ExampleBoardApplication in 8.794 seconds (process running for 9.406)
INFO  23-09-06 09:10:42[http-nio-8080-exec-1] [[/]:173] - Initializing Spring DispatcherServlet 'dispatcherServlet'
INFO  23-09-06 09:10:42[http-nio-8080-exec-1] [DispatcherServlet:532] - Initializing Servlet 'dispatcherServlet'
INFO  23-09-06 09:10:42[http-nio-8080-exec-1] [DispatcherServlet:554] - Completed initialization in 1 ms
INFO  23-09-06 09:10:48[http-nio-8080-exec-1] [MelonController:62] - MelonList 1 
INFO  23-09-06 09:10:48[http-nio-8080-exec-1] [MelonController:63] - List 1 [ 제목 : Love Lee , 가수 : AKMU (악뮤) , 곡번호 : 36713849 ] 
INFO  23-09-06 09:10:48[http-nio-8080-exec-1] [MelonController:62] - MelonList 2 
INFO  23-09-06 09:10:48[http-nio-8080-exec-1] [MelonController:63] - List 2 [ 제목 : Seven (feat. Latto) - Clean Ver. , 가수 : 정국 , 곡번호 : 36617841 ] 
INFO  23-09-06 09:10:48[http-nio-8080-exec-1] [MelonController:62] - MelonList 3 
INFO  23-09-06 09:10:48[http-nio-8080-exec-1] [MelonController:63] - List 3 [ 제목 : ETA , 가수 : NewJeans , 곡번호 : 36635522 ] 
INFO  23-09-06 09:10:48[http-nio-8080-exec-1] [MelonController:62] - MelonList 4 
INFO  23-09-06 09:10:48[http-nio-8080-exec-1] [MelonController:63] - List 4 [ 제목 : Super Shy , 가수 : NewJeans , 곡번호 : 36599950 ] 
INFO  23-09-06 09:10:48[http-nio-8080-exec-1] [MelonController:62] - MelonList 5 
INFO  23-09-06 09:10:48[http-nio-8080-exec-1] [MelonController:63] - List 5 [ 제목 : 후라이의 꿈 , 가수 : AKMU (악뮤) , 곡번호 : 36713850 ] 
INFO  23-09-06 09:10:48[http-nio-8080-exec-1] [MelonController:62] - MelonList 6 
INFO  23-09-06 09:10:48[http-nio-8080-exec-1] [MelonController:63] - List 6 [ 제목 : Fast Forward , 가수 : 전소미 , 곡번호 : 36681074 ] 
INFO  23-09-06 09:10:48[http-nio-8080-exec-1] [MelonController:62] - MelonList 7 
INFO  23-09-06 09:10:48[http-nio-8080-exec-1] [MelonController:63] - List 7 [ 제목 : 헤어지자 말해요 , 가수 : 박재정 , 곡번호 : 36382580 ] 
INFO  23-09-06 09:10:48[http-nio-8080-exec-1] [MelonController:62] - MelonList 8 
INFO  23-09-06 09:10:48[http-nio-8080-exec-1] [MelonController:63] - List 8 [ 제목 : 사막에서 꽃을 피우듯 , 가수 : 우디 (Woody) , 곡번호 : 36616378 ] 
INFO  23-09-06 09:10:48[http-nio-8080-exec-1] [MelonController:62] - MelonList 9 
INFO  23-09-06 09:10:48[http-nio-8080-exec-1] [MelonController:63] - List 9 [ 제목 : I AM , 가수 : IVE (아이브) , 곡번호 : 36356993 ] 
INFO  23-09-06 09:10:48[http-nio-8080-exec-1] [MelonController:62] - MelonList 10 
INFO  23-09-06 09:10:48[http-nio-8080-exec-1] [MelonController:63] - List 10 [ 제목 : Bubble , 가수 : STAYC(스테이씨) , 곡번호 : 36699655 ] 
WARN  23-09-06 09:10:49[http-nio-8080-exec-1] [ExpressionProcessor:76] - Fragment expression "layout/default_layout" is being wrapped as a Thymeleaf 3 fragment expression (~{...}) for backwards compatibility purposes.  This wrapping will be dropped in the next major version of the expression processor, so please rewrite as a Thymeleaf 3 fragment expression to future-proof your code.  See https://github.com/thymeleaf/thymeleaf/issues/451 for more information.
WARN  23-09-06 09:10:49[http-nio-8080-exec-1] [AbstractStandardFragmentInsertionTagProcessor:385] - [THYMELEAF][http-nio-8080-exec-1][layout/default_layout] Deprecated unwrapped fragment expression "fragments/header :: headerFragment" found in template layout/default_layout, line 7, col 13. Please use the complete syntax of fragment expressions instead ("~{fragments/header :: headerFragment}"). The old, unwrapped syntax for fragment expressions will be removed in future versions of Thymeleaf.
WARN  23-09-06 09:10:49[http-nio-8080-exec-1] [AbstractStandardFragmentInsertionTagProcessor:385] - [THYMELEAF][http-nio-8080-exec-1][layout/default_layout] Deprecated unwrapped fragment expression "fragments/footer :: footerFragment" found in template layout/default_layout, line 17, col 13. Please use the complete syntax of fragment expressions instead ("~{fragments/footer :: footerFragment}"). The old, unwrapped syntax for fragment expressions will be removed in future versions of Thymeleaf.
INFO  23-09-06 09:10:55[http-nio-8080-exec-2] [MelonController:83] - 가사 => 
I’m your future lover
타락한 밤 너의 ruler
영화 속 달콤한 promise
믿지 않아 let’s be honest, yeah

틀린 건 없어 when it feels so right
닿지 않아도 이미 느끼잖아
나쁠 건 없어 when it feels so right
네 위를 봐 I’m your goddess

How many lovers do I go through to find you
How many heartbreaks I take just to get to you
How many lovers do I go through to find you
How many how many how many
Fast Forward

Girl you the one stop
Got it all
Diamond-kissed
Head to toe
Sunshine
Got the glow
Need you bad
Never go
One stop
Domino
That’s how quick
You made me fall

So in love yeah
That’s so us

How many lovers do I go through to find you
How many heartbreaks I take just to get to you
How many lovers do I go through to find you
How many how many how many
Fast Forward

(How many how many how many)
(How many how many how many)

흔들린 pendulum
너를 부를 때
이 뒤틀린 시간 속
넌 내 눈앞에
Now think of the one you want
Picturing my face
And I’ll be the one you on
I’ll be the one you on
I’ll be the one you want
I can hear you say

Fast Forward

(yeah yeah yeah yeah)

Fast Forward

(yeah yeah yeah yeah)

Fast Forward 
INFO  23-09-06 09:10:55[http-nio-8080-exec-2] [MelonController:94] - 노래 정보 : [ 제목 : Fast Forward , 가수 : 전소미 , 좋아요 수 : 42,082 , 댓글  : 573개 ]
WARN  23-09-06 09:10:55[http-nio-8080-exec-2] [AbstractStandardFragmentInsertionTagProcessor:385] - [THYMELEAF][http-nio-8080-exec-2][layout/default_layout] Deprecated unwrapped fragment expression "fragments/header :: headerFragment" found in template layout/default_layout, line 7, col 13. Please use the complete syntax of fragment expressions instead ("~{fragments/header :: headerFragment}"). The old, unwrapped syntax for fragment expressions will be removed in future versions of Thymeleaf.
WARN  23-09-06 09:10:55[http-nio-8080-exec-2] [AbstractStandardFragmentInsertionTagProcessor:385] - [THYMELEAF][http-nio-8080-exec-2][layout/default_layout] Deprecated unwrapped fragment expression "fragments/footer :: footerFragment" found in template layout/default_layout, line 17, col 13. Please use the complete syntax of fragment expressions instead ("~{fragments/footer :: footerFragment}"). The old, unwrapped syntax for fragment expressions will be removed in future versions of Thymeleaf.
INFO  23-09-06 09:13:20[main] [ExampleBoardApplication:51] - Starting ExampleBoardApplication using Java 17.0.6 with PID 240 (C:\Users\tpfla9876\example-board\bin\main started by tpfla9876 in C:\Users\tpfla9876\example-board)
INFO  23-09-06 09:13:20[main] [ExampleBoardApplication:634] - No active profile set, falling back to 1 default profile: "default"
INFO  23-09-06 09:13:21[main] [RepositoryConfigurationDelegate:138] - Bootstrapping Spring Data JPA repositories in DEFAULT mode.
INFO  23-09-06 09:13:21[main] [RepositoryConfigurationDelegate:208] - Finished Spring Data repository scanning in 51 ms. Found 3 JPA repository interfaces.
INFO  23-09-06 09:13:22[main] [TomcatWebServer:108] - Tomcat initialized with port(s): 8080 (http)
INFO  23-09-06 09:13:22[main] [Http11NioProtocol:173] - Initializing ProtocolHandler ["http-nio-8080"]
INFO  23-09-06 09:13:22[main] [StandardService:173] - Starting service [Tomcat]
INFO  23-09-06 09:13:22[main] [StandardEngine:173] - Starting Servlet engine: [Apache Tomcat/10.1.11]
INFO  23-09-06 09:13:22[main] [[/]:173] - Initializing Spring embedded WebApplicationContext
INFO  23-09-06 09:13:22[main] [ServletWebServerApplicationContext:291] - Root WebApplicationContext: initialization completed in 1508 ms
INFO  23-09-06 09:13:22[main] [LogHelper:31] - HHH000204: Processing PersistenceUnitInfo [name: default]
INFO  23-09-06 09:13:22[main] [Version:44] - HHH000412: Hibernate ORM core version 6.2.6.Final
INFO  23-09-06 09:13:22[main] [Environment:191] - HHH000406: Using bytecode reflection optimizer
INFO  23-09-06 09:13:23[main] [BytecodeProviderInitiator:53] - HHH000021: Bytecode provider name : bytebuddy
INFO  23-09-06 09:13:23[main] [SpringPersistenceUnitInfo:87] - No LoadTimeWeaver setup: ignoring JPA class transformer
INFO  23-09-06 09:13:23[main] [HikariDataSource:110] - HikariPool-1 - Starting...
INFO  23-09-06 09:13:23[main] [HikariPool:565] - HikariPool-1 - Added connection conn0: url=jdbc:h2:tcp://localhost/~/test user=SA
INFO  23-09-06 09:13:23[main] [HikariDataSource:123] - HikariPool-1 - Start completed.
INFO  23-09-06 09:13:23[main] [BytecodeProviderInitiator:53] - HHH000021: Bytecode provider name : bytebuddy
INFO  23-09-06 09:13:24[main] [JtaPlatformInitiator:51] - HHH000490: Using JtaPlatform implementation: [org.hibernate.engine.transaction.jta.platform.internal.NoJtaPlatform]
INFO  23-09-06 09:13:24[main] [LocalContainerEntityManagerFactoryBean:437] - Initialized JPA EntityManagerFactory for persistence unit 'default'
INFO  23-09-06 09:13:24[main] [QueryEnhancerFactory:47] - Hibernate is in classpath; If applicable, HQL parser will be used.
WARN  23-09-06 09:13:24[main] [LocalVariableTableParameterNameDiscoverer:123] - Using deprecated '-debug' fallback for parameter name resolution. Compile the affected code with '-parameters' instead or avoid its introspection: com.example.exampleboard.repository.JpaBoardRepository
WARN  23-09-06 09:13:24[main] [LocalVariableTableParameterNameDiscoverer:123] - Using deprecated '-debug' fallback for parameter name resolution. Compile the affected code with '-parameters' instead or avoid its introspection: com.example.exampleboard.repository.JpaUserRepository
WARN  23-09-06 09:13:24[main] [LocalVariableTableParameterNameDiscoverer:123] - Using deprecated '-debug' fallback for parameter name resolution. Compile the affected code with '-parameters' instead or avoid its introspection: com.example.exampleboard.repository.JpaCommentRepository
WARN  23-09-06 09:13:26[main] [CdpVersionFinder:142] - Unable to find CDP implementation matching 116
WARN  23-09-06 09:13:26[main] [ChromiumDriver:120] - Unable to find version of CDP to use for . You may need to include a dependency on a specific version of the CDP using something similar to `org.seleniumhq.selenium:selenium-devtools-v86:4.8.3` where the version ("v86") matches the version of the chromium-based browser you're using and the version number of the artifact is the same as Selenium's.
WARN  23-09-06 09:13:28[main] [JpaBaseConfiguration$JpaWebConfiguration:231] - spring.jpa.open-in-view is enabled by default. Therefore, database queries may be performed during view rendering. Explicitly configure spring.jpa.open-in-view to disable this warning
WARN  23-09-06 09:13:28[main] [UserDetailsServiceAutoConfiguration:87] - 

Using generated security password: 08a07702-ec56-4649-bc1e-163a415758da

This generated password is for development use only. Your security configuration must be updated before running your application in production.

INFO  23-09-06 09:13:28[main] [DefaultSecurityFilterChain:54] - Will secure any request with [org.springframework.security.web.session.DisableEncodeUrlFilter@399e43d0, org.springframework.security.web.context.request.async.WebAsyncManagerIntegrationFilter@387cd426, org.springframework.security.web.context.SecurityContextHolderFilter@216906a0, org.springframework.security.web.header.HeaderWriterFilter@417c9b17, org.springframework.security.web.authentication.logout.LogoutFilter@69b2ed81, org.springframework.security.web.savedrequest.RequestCacheAwareFilter@1a6e940b, org.springframework.security.web.servletapi.SecurityContextHolderAwareRequestFilter@6ae247b7, org.springframework.security.web.authentication.AnonymousAuthenticationFilter@411e886b, org.springframework.security.web.access.ExceptionTranslationFilter@2c3d46d6, org.springframework.security.web.access.intercept.AuthorizationFilter@77fec3b6]
INFO  23-09-06 09:13:28[main] [Http11NioProtocol:173] - Starting ProtocolHandler ["http-nio-8080"]
INFO  23-09-06 09:13:28[main] [TomcatWebServer:220] - Tomcat started on port(s): 8080 (http) with context path ''
INFO  23-09-06 09:13:28[main] [ExampleBoardApplication:57] - Started ExampleBoardApplication in 8.514 seconds (process running for 9.054)
INFO  23-09-06 09:13:31[http-nio-8080-exec-1] [[/]:173] - Initializing Spring DispatcherServlet 'dispatcherServlet'
INFO  23-09-06 09:13:31[http-nio-8080-exec-1] [DispatcherServlet:532] - Initializing Servlet 'dispatcherServlet'
INFO  23-09-06 09:13:31[http-nio-8080-exec-1] [DispatcherServlet:554] - Completed initialization in 1 ms
INFO  23-09-06 09:13:32[http-nio-8080-exec-1] [MelonController:83] - 가사 => 
I’m your future lover
타락한 밤 너의 ruler
영화 속 달콤한 promise
믿지 않아 let’s be honest, yeah

틀린 건 없어 when it feels so right
닿지 않아도 이미 느끼잖아
나쁠 건 없어 when it feels so right
네 위를 봐 I’m your goddess

How many lovers do I go through to find you
How many heartbreaks I take just to get to you
How many lovers do I go through to find you
How many how many how many
Fast Forward

Girl you the one stop
Got it all
Diamond-kissed
Head to toe
Sunshine
Got the glow
Need you bad
Never go
One stop
Domino
That’s how quick
You made me fall

So in love yeah
That’s so us

How many lovers do I go through to find you
How many heartbreaks I take just to get to you
How many lovers do I go through to find you
How many how many how many
Fast Forward

(How many how many how many)
(How many how many how many)

흔들린 pendulum
너를 부를 때
이 뒤틀린 시간 속
넌 내 눈앞에
Now think of the one you want
Picturing my face
And I’ll be the one you on
I’ll be the one you on
I’ll be the one you want
I can hear you say

Fast Forward

(yeah yeah yeah yeah)

Fast Forward

(yeah yeah yeah yeah)

Fast Forward 
INFO  23-09-06 09:13:32[http-nio-8080-exec-1] [MelonController:94] - 노래 정보 : [ 제목 : Fast Forward , 가수 : 전소미 , 좋아요 수 : 42,083 , 댓글  : 573개 ]
WARN  23-09-06 09:13:33[http-nio-8080-exec-1] [ExpressionProcessor:76] - Fragment expression "layout/default_layout" is being wrapped as a Thymeleaf 3 fragment expression (~{...}) for backwards compatibility purposes.  This wrapping will be dropped in the next major version of the expression processor, so please rewrite as a Thymeleaf 3 fragment expression to future-proof your code.  See https://github.com/thymeleaf/thymeleaf/issues/451 for more information.
WARN  23-09-06 09:13:33[http-nio-8080-exec-1] [AbstractStandardFragmentInsertionTagProcessor:385] - [THYMELEAF][http-nio-8080-exec-1][layout/default_layout] Deprecated unwrapped fragment expression "fragments/header :: headerFragment" found in template layout/default_layout, line 7, col 13. Please use the complete syntax of fragment expressions instead ("~{fragments/header :: headerFragment}"). The old, unwrapped syntax for fragment expressions will be removed in future versions of Thymeleaf.
WARN  23-09-06 09:13:33[http-nio-8080-exec-1] [AbstractStandardFragmentInsertionTagProcessor:385] - [THYMELEAF][http-nio-8080-exec-1][layout/default_layout] Deprecated unwrapped fragment expression "fragments/footer :: footerFragment" found in template layout/default_layout, line 17, col 13. Please use the complete syntax of fragment expressions instead ("~{fragments/footer :: footerFragment}"). The old, unwrapped syntax for fragment expressions will be removed in future versions of Thymeleaf.
INFO  23-09-06 09:13:38[http-nio-8080-exec-2] [HomeController:54] - 로그인 유저 => [ 비회원 ]
INFO  23-09-06 09:13:38[http-nio-8080-exec-2] [HomeController:67] - 페이징 조회 => [ 총 element 수 : 140 , 전체 page 수 : 14 , 페이지에 표시할 element 수 : 10 , 현재 페이지 index : 0, 현재 페이지의 element 수 : 10 ]
WARN  23-09-06 09:13:38[http-nio-8080-exec-2] [AbstractStandardFragmentInsertionTagProcessor:385] - [THYMELEAF][http-nio-8080-exec-2][layout/default_layout] Deprecated unwrapped fragment expression "fragments/header :: headerFragment" found in template layout/default_layout, line 7, col 13. Please use the complete syntax of fragment expressions instead ("~{fragments/header :: headerFragment}"). The old, unwrapped syntax for fragment expressions will be removed in future versions of Thymeleaf.
WARN  23-09-06 09:13:38[http-nio-8080-exec-2] [AbstractStandardFragmentInsertionTagProcessor:385] - [THYMELEAF][http-nio-8080-exec-2][layout/default_layout] Deprecated unwrapped fragment expression "fragments/footer :: footerFragment" found in template layout/default_layout, line 17, col 13. Please use the complete syntax of fragment expressions instead ("~{fragments/footer :: footerFragment}"). The old, unwrapped syntax for fragment expressions will be removed in future versions of Thymeleaf.
INFO  23-09-06 09:13:46[http-nio-8080-exec-3] [MelonController:62] - MelonList 1 
INFO  23-09-06 09:13:46[http-nio-8080-exec-3] [MelonController:63] - List 1 [ 제목 : Love Lee , 가수 : AKMU (악뮤) , 곡번호 : 36713849 ] 
INFO  23-09-06 09:13:46[http-nio-8080-exec-3] [MelonController:62] - MelonList 2 
INFO  23-09-06 09:13:46[http-nio-8080-exec-3] [MelonController:63] - List 2 [ 제목 : Seven (feat. Latto) - Clean Ver. , 가수 : 정국 , 곡번호 : 36617841 ] 
INFO  23-09-06 09:13:46[http-nio-8080-exec-3] [MelonController:62] - MelonList 3 
INFO  23-09-06 09:13:46[http-nio-8080-exec-3] [MelonController:63] - List 3 [ 제목 : ETA , 가수 : NewJeans , 곡번호 : 36635522 ] 
INFO  23-09-06 09:13:46[http-nio-8080-exec-3] [MelonController:62] - MelonList 4 
INFO  23-09-06 09:13:46[http-nio-8080-exec-3] [MelonController:63] - List 4 [ 제목 : Super Shy , 가수 : NewJeans , 곡번호 : 36599950 ] 
INFO  23-09-06 09:13:46[http-nio-8080-exec-3] [MelonController:62] - MelonList 5 
INFO  23-09-06 09:13:46[http-nio-8080-exec-3] [MelonController:63] - List 5 [ 제목 : 후라이의 꿈 , 가수 : AKMU (악뮤) , 곡번호 : 36713850 ] 
INFO  23-09-06 09:13:46[http-nio-8080-exec-3] [MelonController:62] - MelonList 6 
INFO  23-09-06 09:13:46[http-nio-8080-exec-3] [MelonController:63] - List 6 [ 제목 : Fast Forward , 가수 : 전소미 , 곡번호 : 36681074 ] 
INFO  23-09-06 09:13:46[http-nio-8080-exec-3] [MelonController:62] - MelonList 7 
INFO  23-09-06 09:13:46[http-nio-8080-exec-3] [MelonController:63] - List 7 [ 제목 : 헤어지자 말해요 , 가수 : 박재정 , 곡번호 : 36382580 ] 
INFO  23-09-06 09:13:46[http-nio-8080-exec-3] [MelonController:62] - MelonList 8 
INFO  23-09-06 09:13:46[http-nio-8080-exec-3] [MelonController:63] - List 8 [ 제목 : 사막에서 꽃을 피우듯 , 가수 : 우디 (Woody) , 곡번호 : 36616378 ] 
INFO  23-09-06 09:13:47[http-nio-8080-exec-3] [MelonController:62] - MelonList 9 
INFO  23-09-06 09:13:47[http-nio-8080-exec-3] [MelonController:63] - List 9 [ 제목 : I AM , 가수 : IVE (아이브) , 곡번호 : 36356993 ] 
INFO  23-09-06 09:13:47[http-nio-8080-exec-3] [MelonController:62] - MelonList 10 
INFO  23-09-06 09:13:47[http-nio-8080-exec-3] [MelonController:63] - List 10 [ 제목 : Bubble , 가수 : STAYC(스테이씨) , 곡번호 : 36699655 ] 
WARN  23-09-06 09:13:47[http-nio-8080-exec-3] [AbstractStandardFragmentInsertionTagProcessor:385] - [THYMELEAF][http-nio-8080-exec-3][layout/default_layout] Deprecated unwrapped fragment expression "fragments/header :: headerFragment" found in template layout/default_layout, line 7, col 13. Please use the complete syntax of fragment expressions instead ("~{fragments/header :: headerFragment}"). The old, unwrapped syntax for fragment expressions will be removed in future versions of Thymeleaf.
WARN  23-09-06 09:13:47[http-nio-8080-exec-3] [AbstractStandardFragmentInsertionTagProcessor:385] - [THYMELEAF][http-nio-8080-exec-3][layout/default_layout] Deprecated unwrapped fragment expression "fragments/footer :: footerFragment" found in template layout/default_layout, line 17, col 13. Please use the complete syntax of fragment expressions instead ("~{fragments/footer :: footerFragment}"). The old, unwrapped syntax for fragment expressions will be removed in future versions of Thymeleaf.
INFO  23-09-06 09:13:53[http-nio-8080-exec-4] [MelonController:62] - MelonList 1 
INFO  23-09-06 09:13:53[http-nio-8080-exec-4] [MelonController:63] - List 41 [ 제목 : 손오공 , 가수 : 세븐틴 (SEVENTEEN) , 곡번호 : 36391236 ] 
INFO  23-09-06 09:13:53[http-nio-8080-exec-4] [MelonController:62] - MelonList 2 
INFO  23-09-06 09:13:53[http-nio-8080-exec-4] [MelonController:63] - List 42 [ 제목 : OMG , 가수 : NewJeans , 곡번호 : 35985167 ] 
INFO  23-09-06 09:13:53[http-nio-8080-exec-4] [MelonController:62] - MelonList 3 
INFO  23-09-06 09:13:53[http-nio-8080-exec-4] [MelonController:63] - List 43 [ 제목 : Cool With You , 가수 : NewJeans , 곡번호 : 36632907 ] 
INFO  23-09-06 09:13:53[http-nio-8080-exec-4] [MelonController:62] - MelonList 4 
INFO  23-09-06 09:13:53[http-nio-8080-exec-4] [MelonController:63] - List 44 [ 제목 : After LIKE , 가수 : IVE (아이브) , 곡번호 : 35546497 ] 
INFO  23-09-06 09:13:54[http-nio-8080-exec-4] [MelonController:62] - MelonList 5 
INFO  23-09-06 09:13:54[http-nio-8080-exec-4] [MelonController:63] - List 45 [ 제목 : 나에게 그대만이 , 가수 : 탑현 , 곡번호 : 36518341 ] 
INFO  23-09-06 09:13:54[http-nio-8080-exec-4] [MelonController:62] - MelonList 6 
INFO  23-09-06 09:13:54[http-nio-8080-exec-4] [MelonController:63] - List 46 [ 제목 : Love Me Again , 가수 : V , 곡번호 : 36691823 ] 
INFO  23-09-06 09:13:54[http-nio-8080-exec-4] [MelonController:62] - MelonList 7 
INFO  23-09-06 09:13:54[http-nio-8080-exec-4] [MelonController:63] - List 47 [ 제목 : LOVE DIVE , 가수 : IVE (아이브) , 곡번호 : 34847378 ] 
INFO  23-09-06 09:13:54[http-nio-8080-exec-4] [MelonController:62] - MelonList 8 
INFO  23-09-06 09:13:54[http-nio-8080-exec-4] [MelonController:63] - List 48 [ 제목 : 보금자리 , 가수 : 임영웅 , 곡번호 : 35008530 ] 
INFO  23-09-06 09:13:54[http-nio-8080-exec-4] [MelonController:62] - MelonList 9 
INFO  23-09-06 09:13:54[http-nio-8080-exec-4] [MelonController:63] - List 49 [ 제목 : I Don't Think That I Like Her , 가수 : Charlie Puth , 곡번호 : 35640751 ] 
INFO  23-09-06 09:13:54[http-nio-8080-exec-4] [MelonController:62] - MelonList 10 
INFO  23-09-06 09:13:54[http-nio-8080-exec-4] [MelonController:63] - List 50 [ 제목 : Dynamite , 가수 : 방탄소년단 , 곡번호 : 32872978 ] 
WARN  23-09-06 09:13:54[http-nio-8080-exec-4] [AbstractStandardFragmentInsertionTagProcessor:385] - [THYMELEAF][http-nio-8080-exec-4][layout/default_layout] Deprecated unwrapped fragment expression "fragments/header :: headerFragment" found in template layout/default_layout, line 7, col 13. Please use the complete syntax of fragment expressions instead ("~{fragments/header :: headerFragment}"). The old, unwrapped syntax for fragment expressions will be removed in future versions of Thymeleaf.
WARN  23-09-06 09:13:54[http-nio-8080-exec-4] [AbstractStandardFragmentInsertionTagProcessor:385] - [THYMELEAF][http-nio-8080-exec-4][layout/default_layout] Deprecated unwrapped fragment expression "fragments/footer :: footerFragment" found in template layout/default_layout, line 17, col 13. Please use the complete syntax of fragment expressions instead ("~{fragments/footer :: footerFragment}"). The old, unwrapped syntax for fragment expressions will be removed in future versions of Thymeleaf.
INFO  23-09-06 09:13:59[http-nio-8080-exec-5] [MelonController:83] - 가사 => 
네가 참 궁금해 그건 너도 마찬가지
이거면 충분해 쫓고 쫓는 이런 놀이
참을 수 없는 이끌림과 호기심
묘한 너와 나 두고 보면 알겠지

Woo 눈동자 아래로
Woo 감추고 있는 거
Woo yeah It’s so bad It’s good
난 그 맘을 좀 봐야겠어

Narcissistic, my god I love it
서로를 비춘 밤
아름다운 까만 눈빛 더 빠져 깊이
(넌 내게로 난 네게로)
숨 참고 love dive

Woo lalalalalalala
Woo 어서 와서 love dive
Woo oh perfect sacrifice yeah
숨 참고 love dive

마음은 이렇게 알다가도 모르지
사랑이라는 건 한순간에 필 테니
직접 들어와 두 눈으로 확인해
내 맘 가장 깊은 데로 오면 돼

Woo 망설일 시간은
Woo 3초면 되는 걸
Woo yeah It’s so bad It’s good
원하면 감히 뛰어들어

Narcissistic, my god I love it
서로를 비춘 밤
아름다운 까만 눈빛 더 빠져 깊이
(넌 내게로 난 네게로)
숨 참고 love dive

Woo lalalalalalala
Woo 어서 와서 love dive
Woo oh perfect sacrifice yeah
숨 참고 love dive

숨 참고 love dive
숨 참고 love dive
숨 참고 love dive
숨 참고 love dive

Woo lalalalalalala
Woo 어서 와서 love dive
Woo oh perfect sacrifice yeah
숨 참고 love dive 
INFO  23-09-06 09:14:00[http-nio-8080-exec-5] [MelonController:94] - 노래 정보 : [ 제목 : LOVE DIVE , 가수 : IVE (아이브) , 좋아요 수 : 242,299 , 댓글  : 2,764개 ]
WARN  23-09-06 09:14:00[http-nio-8080-exec-5] [AbstractStandardFragmentInsertionTagProcessor:385] - [THYMELEAF][http-nio-8080-exec-5][layout/default_layout] Deprecated unwrapped fragment expression "fragments/header :: headerFragment" found in template layout/default_layout, line 7, col 13. Please use the complete syntax of fragment expressions instead ("~{fragments/header :: headerFragment}"). The old, unwrapped syntax for fragment expressions will be removed in future versions of Thymeleaf.
WARN  23-09-06 09:14:00[http-nio-8080-exec-5] [AbstractStandardFragmentInsertionTagProcessor:385] - [THYMELEAF][http-nio-8080-exec-5][layout/default_layout] Deprecated unwrapped fragment expression "fragments/footer :: footerFragment" found in template layout/default_layout, line 17, col 13. Please use the complete syntax of fragment expressions instead ("~{fragments/footer :: footerFragment}"). The old, unwrapped syntax for fragment expressions will be removed in future versions of Thymeleaf.
